CampusGuideMapUPH/app/build/intermediates/manifest_merge_blame_file/debug/processDebugMainManifest/manifest-merger-blame-debug-report.txt
1<?xml version="1.0" encoding="utf-8"?>
2<manifest xmlns:android="http://schemas.android.com/apk/res/android"
3    package="com.example.campusguide"
4    android:versionCode="1"
5    android:versionName="1.0" >
6
7    <uses-sdk
8        android:minSdkVersion="24"
9        android:targetSdkVersion="34" />
10    <!-- Required permission for App measurement to run. -->
11    <uses-permission android:name="android.permission.INTERNET" />
11-->[com.google.android.gms:play-services-measurement:23.0.0] AndroidManifest.xml:23:5-67
11-->[com.google.android.gms:play-services-measurement:23.0.0] AndroidManifest.xml:23:22-64
12    <uses-permission android:name="android.permission.ACCESS_NETWORK_STATE" />
12-->[com.google.android.gms:play-services-measurement:23.0.0] AndroidManifest.xml:24:5-79
12-->[com.google.android.gms:play-services-measurement:23.0.0] AndroidManifest.xml:24:22-76
13    <uses-permission android:name="android.permission.WAKE_LOCK" />
13-->[com.google.android.gms:play-services-measurement:23.0.0] AndroidManifest.xml:25:5-68
13-->[com.google.android.gms:play-services-measurement:23.0.0] AndroidManifest.xml:25:22-65
14    <uses-permission android:name="com.google.android.finsky.permission.BIND_GET_INSTALL_REFERRER_SERVICE" />
14-->[com.google.android.gms:play-services-measurement:23.0.0] AndroidManifest.xml:26:5-110
14-->[com.google.android.gms:play-services-measurement:23.0.0] AndroidManifest.xml:26:22-107
15    <uses-permission android:name="com.google.android.gms.permission.AD_ID" />
15-->[com.google.android.gms:play-services-measurement-api:23.0.0] AndroidManifest.xml:25:5-79
15-->[com.google.android.gms:play-services-measurement-api:23.0.0] AndroidManifest.xml:25:22-76
16    <uses-permission android:name="android.permission.ACCESS_ADSERVICES_ATTRIBUTION" />
16-->[com.google.android.gms:play-services-measurement-api:23.0.0] AndroidManifest.xml:26:5-88
16-->[com.google.android.gms:play-services-measurement-api:23.0.0] AndroidManifest.xml:26:22-85
17    <uses-permission android:name="android.permission.ACCESS_ADSERVICES_AD_ID" />
17-->[com.google.android.gms:play-services-measurement-api:23.0.0] AndroidManifest.xml:27:5-82
17-->[com.google.android.gms:play-services-measurement-api:23.0.0] AndroidManifest.xml:27:22-79
18
19    <permission
19-->[androidx.core:core:1.13.1] AndroidManifest.xml:22:5-24:47
20        android:name="com.example.campusguide.DYNAMIC_RECEIVER_NOT_EXPORTED_PERMISSION"
20-->[androidx.core:core:1.13.1] AndroidManifest.xml:23:9-81
21        android:protectionLevel="signature" />
21-->[androidx.core:core:1.13.1] AndroidManifest.xml:24:9-44
22
23    <uses-permission android:name="com.example.campusguide.DYNAMIC_RECEIVER_NOT_EXPORTED_PERMISSION" />
23-->[androidx.core:core:1.13.1] AndroidManifest.xml:26:5-97
23-->[androidx.core:core:1.13.1] AndroidManifest.xml:26:22-94
24
25    <application
25-->src/main/AndroidManifest.xml:2:5-14:19
26        android:appComponentFactory="androidx.core.app.CoreComponentFactory"
26-->[androidx.core:core:1.13.1] AndroidManifest.xml:28:18-86
27        android:debuggable="true"
28        android:extractNativeLibs="false"
29        android:label="Campus Guide UPH"
29-->src/main/AndroidManifest.xml:3:9-41
30        android:supportsRtl="true"
30-->src/main/AndroidManifest.xml:4:9-35
31        android:testOnly="true"
32        android:theme="@style/Theme.CampusGuide" >
32-->src/main/AndroidManifest.xml:5:9-49
33        <activity
33-->src/main/AndroidManifest.xml:6:9-13:20
34            android:name="com.example.campusguide.MainActivity"
34-->src/main/AndroidManifest.xml:7:13-41
35            android:exported="true" >
35-->src/main/AndroidManifest.xml:8:13-36
36            <intent-filter>
36-->src/main/AndroidManifest.xml:9:13-12:29
37                <action android:name="android.intent.action.MAIN" />
37-->src/main/AndroidManifest.xml:10:17-69
37-->src/main/AndroidManifest.xml:10:25-66
38
39                <category android:name="android.intent.category.LAUNCHER" />
39-->src/main/AndroidManifest.xml:11:17-77
39-->src/main/AndroidManifest.xml:11:27-74
40            </intent-filter>
41        </activity>
42        <activity
42-->[androidx.compose.ui:ui-tooling-android:1.6.8] AndroidManifest.xml:23:9-25:39
43            android:name="androidx.compose.ui.tooling.PreviewActivity"
43-->[androidx.compose.ui:ui-tooling-android:1.6.8] AndroidManifest.xml:24:13-71
44            android:exported="true" />
44-->[androidx.compose.ui:ui-tooling-android:1.6.8] AndroidManifest.xml:25:13-36
45        <activity
45-->[androidx.compose.ui:ui-test-manifest:1.6.8] AndroidManifest.xml:23:9-25:39
46            android:name="androidx.activity.ComponentActivity"
46-->[androidx.compose.ui:ui-test-manifest:1.6.8] AndroidManifest.xml:24:13-63
47            android:exported="true" />
47-->[androidx.compose.ui:ui-test-manifest:1.6.8] AndroidManifest.xml:25:13-36
48
49        <provider
49-->[androidx.emoji2:emoji2:1.3.0] AndroidManifest.xml:24:9-32:20
50            android:name="androidx.startup.InitializationProvider"
50-->[androidx.emoji2:emoji2:1.3.0] AndroidManifest.xml:25:13-67
51            android:authorities="com.example.campusguide.androidx-startup"
51-->[androidx.emoji2:emoji2:1.3.0] AndroidManifest.xml:26:13-68
52            android:exported="false" >
52-->[androidx.emoji2:emoji2:1.3.0] AndroidManifest.xml:27:13-37
53            <meta-data
53-->[androidx.emoji2:emoji2:1.3.0] AndroidManifest.xml:29:13-31:52
54                android:name="androidx.emoji2.text.EmojiCompatInitializer"
54-->[androidx.emoji2:emoji2:1.3.0] AndroidManifest.xml:30:17-75
55                android:value="androidx.startup" />
55-->[androidx.emoji2:emoji2:1.3.0] AndroidManifest.xml:31:17-49
56            <meta-data
56-->[androidx.lifecycle:lifecycle-process:2.8.4] AndroidManifest.xml:29:13-31:52
57                android:name="androidx.lifecycle.ProcessLifecycleInitializer"
57-->[androidx.lifecycle:lifecycle-process:2.8.4] AndroidManifest.xml:30:17-78
58                android:value="androidx.startup" />
58-->[androidx.lifecycle:lifecycle-process:2.8.4] AndroidManifest.xml:31:17-49
59            <meta-data
59-->[androidx.profileinstaller:profileinstaller:1.3.1] AndroidManifest.xml:29:13-31:52
60                android:name="androidx.profileinstaller.ProfileInstallerInitializer"
60-->[androidx.profileinstaller:profileinstaller:1.3.1] AndroidManifest.xml:30:17-85
61                android:value="androidx.startup" />
61-->[androidx.profileinstaller:profileinstaller:1.3.1] AndroidManifest.xml:31:17-49
62        </provider>
63
64        <receiver
64-->[com.google.android.gms:play-services-measurement:23.0.0] AndroidManifest.xml:29:9-33:20
65            android:name="com.google.android.gms.measurement.AppMeasurementReceiver"
65-->[com.google.android.gms:play-services-measurement:23.0.0] AndroidManifest.xml:30:13-85
66            android:enabled="true"
66-->[com.google.android.gms:play-services-measurement:23.0.0] AndroidManifest.xml:31:13-35
67            android:exported="false" >
67-->[com.google.android.gms:play-services-measurement:23.0.0] AndroidManifest.xml:32:13-37
68        </receiver>
69
70        <service
70-->[com.google.android.gms:play-services-measurement:23.0.0] AndroidManifest.xml:35:9-38:40
71            android:name="com.google.android.gms.measurement.AppMeasurementService"
71-->[com.google.android.gms:play-services-measurement:23.0.0] AndroidManifest.xml:36:13-84
72            android:enabled="true"
72-->[com.google.android.gms:play-services-measurement:23.0.0] AndroidManifest.xml:37:13-35
73            android:exported="false" />
73-->[com.google.android.gms:play-services-measurement:23.0.0] AndroidManifest.xml:38:13-37
74        <service
74-->[com.google.android.gms:play-services-measurement:23.0.0] AndroidManifest.xml:39:9-43:72
75            android:name="com.google.android.gms.measurement.AppMeasurementJobService"
75-->[com.google.android.gms:play-services-measurement:23.0.0] AndroidManifest.xml:40:13-87
76            android:enabled="true"
76-->[com.google.android.gms:play-services-measurement:23.0.0] AndroidManifest.xml:41:13-35
77            android:exported="false"
77-->[com.google.android.gms:play-services-measurement:23.0.0] AndroidManifest.xml:42:13-37
78            android:permission="android.permission.BIND_JOB_SERVICE" />
78-->[com.google.android.gms:play-services-measurement:23.0.0] AndroidManifest.xml:43:13-69
79        <service
79-->[com.google.android.gms:play-services-measurement-api:23.0.0] AndroidManifest.xml:30:9-36:19
80            android:name="com.google.firebase.components.ComponentDiscoveryService"
80-->[com.google.android.gms:play-services-measurement-api:23.0.0] AndroidManifest.xml:31:13-84
81            android:directBootAware="true"
81-->[com.google.firebase:firebase-common:22.0.0] AndroidManifest.xml:32:13-43
82            android:exported="false" >
82-->[com.google.android.gms:play-services-measurement-api:23.0.0] AndroidManifest.xml:32:13-37
83            <meta-data
83-->[com.google.android.gms:play-services-measurement-api:23.0.0] AndroidManifest.xml:33:13-35:85
84                android:name="com.google.firebase.components:com.google.firebase.analytics.connector.internal.AnalyticsConnectorRegistrar"
84-->[com.google.android.gms:play-services-measurement-api:23.0.0] AndroidManifest.xml:34:17-139
85                android:value="com.google.firebase.components.ComponentRegistrar" />
85-->[com.google.android.gms:play-services-measurement-api:23.0.0] AndroidManifest.xml:35:17-82
86            <meta-data
86-->[com.google.firebase:firebase-installations:19.0.0] AndroidManifest.xml:15:13-17:85
87                android:name="com.google.firebase.components:com.google.firebase.installations.FirebaseInstallationsKtxRegistrar"
87-->[com.google.firebase:firebase-installations:19.0.0] AndroidManifest.xml:16:17-130
88                android:value="com.google.firebase.components.ComponentRegistrar" />
88-->[com.google.firebase:firebase-installations:19.0.0] AndroidManifest.xml:17:17-82
89            <meta-data
89-->[com.google.firebase:firebase-installations:19.0.0] AndroidManifest.xml:18:13-20:85
90                android:name="com.google.firebase.components:com.google.firebase.installations.FirebaseInstallationsRegistrar"
90-->[com.google.firebase:firebase-installations:19.0.0] AndroidManifest.xml:19:17-127
91                android:value="com.google.firebase.components.ComponentRegistrar" />
91-->[com.google.firebase:firebase-installations:19.0.0] AndroidManifest.xml:20:17-82
92            <meta-data
92-->[com.google.firebase:firebase-common:22.0.0] AndroidManifest.xml:35:13-37:85
93                android:name="com.google.firebase.components:com.google.firebase.FirebaseCommonKtxRegistrar"
93-->[com.google.firebase:firebase-common:22.0.0] AndroidManifest.xml:36:17-109
94                android:value="com.google.firebase.components.ComponentRegistrar" />
94-->[com.google.firebase:firebase-common:22.0.0] AndroidManifest.xml:37:17-82
95        </service>
96
97        <provider
97-->[com.google.firebase:firebase-common:22.0.0] AndroidManifest.xml:23:9-28:39
98            android:name="com.google.firebase.provider.FirebaseInitProvider"
98-->[com.google.firebase:firebase-common:22.0.0] AndroidManifest.xml:24:13-77
99            android:authorities="com.example.campusguide.firebaseinitprovider"
99-->[com.google.firebase:firebase-common:22.0.0] AndroidManifest.xml:25:13-72
100            android:directBootAware="true"
100-->[com.google.firebase:firebase-common:22.0.0] AndroidManifest.xml:26:13-43
101            android:exported="false"
101-->[com.google.firebase:firebase-common:22.0.0] AndroidManifest.xml:27:13-37
102            android:initOrder="100" />
102-->[com.google.firebase:firebase-common:22.0.0] AndroidManifest.xml:28:13-36
103
104        <activity
104-->[com.google.android.gms:play-services-base:18.5.0] AndroidManifest.xml:5:9-173
105            android:name="com.google.android.gms.common.api.GoogleApiActivity"
105-->[com.google.android.gms:play-services-base:18.5.0] AndroidManifest.xml:5:19-85
106            android:exported="false"
106-->[com.google.android.gms:play-services-base:18.5.0] AndroidManifest.xml:5:146-170
107            android:theme="@android:style/Theme.Translucent.NoTitleBar" />
107-->[com.google.android.gms:play-services-base:18.5.0] AndroidManifest.xml:5:86-145
108
109        <uses-library
109-->[androidx.privacysandbox.ads:ads-adservices:1.1.0-beta11] AndroidManifest.xml:23:9-25:40
110            android:name="android.ext.adservices"
110-->[androidx.privacysandbox.ads:ads-adservices:1.1.0-beta11] AndroidManifest.xml:24:13-50
111            android:required="false" />
111-->[androidx.privacysandbox.ads:ads-adservices:1.1.0-beta11] AndroidManifest.xml:25:13-37
112
113        <meta-data
113-->[com.google.android.gms:play-services-basement:18.5.0] AndroidManifest.xml:21:9-23:69
114            android:name="com.google.android.gms.version"
114-->[com.google.android.gms:play-services-basement:18.5.0] AndroidManifest.xml:22:13-58
115            android:value="@integer/google_play_services_version" />
115-->[com.google.android.gms:play-services-basement:18.5.0] AndroidManifest.xml:23:13-66
116
117        <receiver
117-->[androidx.profileinstaller:profileinstaller:1.3.1] AndroidManifest.xml:34:9-52:20
118            android:name="androidx.profileinstaller.ProfileInstallReceiver"
118-->[androidx.profileinstaller:profileinstaller:1.3.1] AndroidManifest.xml:35:13-76
119            android:directBootAware="false"
119-->[androidx.profileinstaller:profileinstaller:1.3.1] AndroidManifest.xml:36:13-44
120            android:enabled="true"
120-->[androidx.profileinstaller:profileinstaller:1.3.1] AndroidManifest.xml:37:13-35
121            android:exported="true"
121-->[androidx.profileinstaller:profileinstaller:1.3.1] AndroidManifest.xml:38:13-36
122            android:permission="android.permission.DUMP" >
122-->[androidx.profileinstaller:profileinstaller:1.3.1] AndroidManifest.xml:39:13-57
123            <intent-filter>
123-->[androidx.profileinstaller:profileinstaller:1.3.1] AndroidManifest.xml:40:13-42:29
124                <action android:name="androidx.profileinstaller.action.INSTALL_PROFILE" />
124-->[androidx.profileinstaller:profileinstaller:1.3.1] AndroidManifest.xml:41:17-91
124-->[androidx.profileinstaller:profileinstaller:1.3.1] AndroidManifest.xml:41:25-88
125            </intent-filter>
126            <intent-filter>
126-->[androidx.profileinstaller:profileinstaller:1.3.1] AndroidManifest.xml:43:13-45:29
127                <action android:name="androidx.profileinstaller.action.SKIP_FILE" />
127-->[androidx.profileinstaller:profileinstaller:1.3.1] AndroidManifest.xml:44:17-85
127-->[androidx.profileinstaller:profileinstaller:1.3.1] AndroidManifest.xml:44:25-82
128            </intent-filter>
129            <intent-filter>
129-->[androidx.profileinstaller:profileinstaller:1.3.1] AndroidManifest.xml:46:13-48:29
130                <action android:name="androidx.profileinstaller.action.SAVE_PROFILE" />
130-->[androidx.profileinstaller:profileinstaller:1.3.1] AndroidManifest.xml:47:17-88
130-->[androidx.profileinstaller:profileinstaller:1.3.1] AndroidManifest.xml:47:25-85
131            </intent-filter>
132            <intent-filter>
132-->[androidx.profileinstaller:profileinstaller:1.3.1] AndroidManifest.xml:49:13-51:29
133                <action android:name="androidx.profileinstaller.action.BENCHMARK_OPERATION" />
133-->[androidx.profileinstaller:profileinstaller:1.3.1] AndroidManifest.xml:50:17-95
133-->[androidx.profileinstaller:profileinstaller:1.3.1] AndroidManifest.xml:50:25-92
134            </intent-filter>
135        </receiver>
136    </application>
137
138</manifest>